2026-03-23T12:03:18Z [INFO] Truck search automation started
2026-03-23T12:03:18Z [INFO] Filters: brands=HOWO DAF IVECO MAN MACK FAW min_year=2011 max_price_gbp=4000 hp=380 400 430
2026-03-23T12:03:18Z [INFO] Searching Autoline
2026-03-23T12:03:21Z [ERROR] Command failed at line 313: python3 - <<'PY'
import re, sys
s = sys.stdin.read().splitlines()
for line in s:
    if 'textbox' in line and 'Suche' in line:
        m = re.search(r'\[ref=(e\d+)\]', line)
        if m:
            print('@' + m.group(1))
            break
PY

2026-03-23T12:03:21Z [ERROR] Command failed at line 313: search_ref="$(printf '%s\n' "$snap" | python3 - <<'PY'
import re, sys
s = sys.stdin.read().splitlines()
for line in s:
    if 'textbox' in line and 'Suche' in line:
        m = re.search(r'\[ref=(e\d+)\]', line)
        if m:
            print('@' + m.group(1))
            break
PY
)"
2026-03-23T12:03:21Z [ERROR] Command failed at line 323: python3 - <<'PY'
import re, sys
for line in sys.stdin.read().splitlines():
    if 'button "Suche"' in line:
        m = re.search(r'\[ref=(e\d+)\]', line)
        if m:
            print('@' + m.group(1))
            break
PY

2026-03-23T12:03:21Z [ERROR] Command failed at line 323: search_button_ref="$(printf '%s\n' "$snap" | python3 - <<'PY'
import re, sys
for line in sys.stdin.read().splitlines():
    if 'button "Suche"' in line:
        m = re.search(r'\[ref=(e\d+)\]', line)
        if m:
            print('@' + m.group(1))
            break
PY
)"
2026-03-23T12:03:24Z [ERROR] Command failed at line 421: python3 - <<'PY'
import json, sys
items = []
for line in sys.stdin:
    line=line.strip()
    if not line:
        continue
    try:
        data = json.loads(line)
        if isinstance(data, list):
            items.extend(data)
    except Exception:
        pass
print(json.dumps(items, ensure_ascii=False))
PY

2026-03-23T12:03:24Z [ERROR] Command failed at line 417: all_json="$({
    search_autoline
    search_autoscout24
    search_ebay_motors
  } | python3 - <<'PY'
import json, sys
items = []
for line in sys.stdin:
    line=line.strip()
    if not line:
        continue
    try:
        data = json.loads(line)
        if isinstance(data, list):
            items.extend(data)
    except Exception:
        pass
print(json.dumps(items, ensure_ascii=False))
PY
)"
2026-03-23T12:05:07Z [INFO] Truck search automation started
2026-03-23T12:05:07Z [INFO] Filters: brands=HOWO DAF IVECO MAN MACK FAW min_year=2011 max_price_gbp=4000 hp=380 400 430
2026-03-23T12:05:07Z [INFO] Searching Autoline
2026-03-23T12:05:19Z [INFO] Searching AutoScout24
2026-03-23T12:05:22Z [INFO] Searching eBay Motors
2026-03-23T12:05:27Z [ERROR] Command failed at line 212: python3 - "$JSON_DB" "$SEEN_FILE" <<'PY'
import json, sys, pathlib
json_db = pathlib.Path(sys.argv[1])
seen_file = pathlib.Path(sys.argv[2])
incoming = json.load(sys.stdin)
existing = []
if json_db.exists():
    try:
        existing = json.loads(json_db.read_text())
    except Exception:
        existing = []
seen = set(x.strip() for x in seen_file.read_text().splitlines() if x.strip()) if seen_file.exists() else set()
merged = {item.get('url'): item for item in existing if item.get('url')}
new_items = []
for item in incoming:
    url = item.get('url')
    if not url:
        continue
    merged[url] = item
    if url not in seen:
        new_items.append(item)
        seen.add(url)
json_db.write_text(json.dumps(list(merged.values()), indent=2, ensure_ascii=False))
seen_file.write_text('\n'.join(sorted(seen)) + ('\n' if seen else ''))
print(json.dumps({'all': list(merged.values()), 'new': new_items}, ensure_ascii=False))
PY

2026-03-23T12:05:27Z [ERROR] Command failed at line 408: merge_results
2026-03-23T12:05:27Z [ERROR] Command failed at line 408: merge_json="$(printf '%s' "$all_json" | merge_results)"
2026-03-23T12:05:49Z [INFO] Truck search automation started
2026-03-23T12:05:49Z [INFO] Filters: brands=HOWO DAF IVECO MAN MACK FAW min_year=2011 max_price_gbp=4000 hp=380 400 430
2026-03-23T12:05:49Z [INFO] Searching Autoline
2026-03-23T12:05:52Z [ERROR] Command failed at line 312: sed -E 's/.*\[ref=(e[0-9]+)\].*/@\1/'
2026-03-23T12:05:52Z [ERROR] Command failed at line 312: search_ref="$(printf '%s\n' "$snap" | grep -m1 -E 'textbox ".*Suche' | sed -E 's/.*\[ref=(e[0-9]+)\].*/@\1/')"
2026-03-23T12:06:00Z [INFO] Searching AutoScout24
2026-03-23T12:06:05Z [INFO] Searching eBay Motors
2026-03-23T12:06:08Z [INFO] Notion not configured; keeping local JSON only
2026-03-23T12:06:08Z [WARN] Telegram not configured; skipping post to Jarvis-Truck-Listings. Set TELEGRAM_BOT_TOKEN and TELEGRAM_CHAT_ID.
2026-03-23T12:06:08Z [INFO] Run complete. Stored listings at /home/claw/.openclaw/workspace/outputs/truck-search/truck-listings.json
2026-03-23T12:06:08Z [INFO] New matches this run: 0
2026-03-23T12:06:20Z [INFO] Truck search automation started
2026-03-23T12:06:20Z [INFO] Filters: brands=HOWO DAF IVECO MAN MACK FAW min_year=2011 max_price_gbp=4000 hp=380 400 430
2026-03-23T12:06:20Z [INFO] Searching Autoline
2026-03-23T12:06:32Z [INFO] Searching AutoScout24
2026-03-23T12:06:35Z [INFO] Searching eBay Motors
2026-03-23T12:06:40Z [INFO] Notion not configured; keeping local JSON only
2026-03-23T12:06:40Z [WARN] Telegram not configured; skipping post to Jarvis-Truck-Listings. Set TELEGRAM_BOT_TOKEN and TELEGRAM_CHAT_ID.
2026-03-23T12:06:40Z [INFO] Run complete. Stored listings at /home/claw/.openclaw/workspace/outputs/truck-search/truck-listings.json
2026-03-23T12:06:40Z [INFO] New matches this run: 0
2026-03-23T20:10:12Z [INFO] Truck search automation started
2026-03-23T20:10:12Z [INFO] Filters: brands=HOWO DAF IVECO MAN MACK FAW min_year=2011 max_price_gbp=4000 hp=380 400 430
2026-03-23T20:10:12Z [INFO] Searching Autoline
2026-03-23T20:10:27Z [INFO] Searching AutoScout24
2026-03-23T20:10:31Z [INFO] Searching eBay Motors
2026-03-23T20:10:35Z [INFO] Notion not configured; keeping local JSON only
2026-03-23T20:10:35Z [INFO] DRY_RUN=1, Telegram post suppressed
2026-03-23T20:10:35Z [INFO] Run complete. Stored listings at /home/claw/.openclaw/workspace/outputs/truck-search/truck-listings.json
2026-03-23T20:10:35Z [INFO] New matches this run: 0
